06:54:28.096 [restartedMain] INFO  com.shop.cereshop.admin.CereshopAdminApplication - [logStarting,50] - Starting CereshopAdminApplication on DESKTOP-9P2FMTG with PID 20124 (started by WIN10 in D:\项目\黎师兄项目\workspace\cereshop-master\cereshop-admin)
06:54:28.107 [restartedMain] INFO  com.shop.cereshop.admin.CereshopAdminApplication - [logStartupProfileInfo,651] - The following profiles are active: admin-dev,security
06:54:33.396 [restartedMain] INFO  org.apache.coyote.http11.Http11NioProtocol - [log,173] - Initializing ProtocolHandler ["http-nio-0.0.0.0-9003"]
06:54:33.414 [restartedMain] INFO  org.apache.catalina.core.StandardService - [log,173] - Starting service [Tomcat]
06:54:33.414 [restartedMain] INFO  org.apache.catalina.core.StandardEngine - [log,173] - Starting Servlet engine: [Apache Tomcat/9.0.22]
06:54:33.723 [restartedMain] INFO  org.apache.catalina.core.ContainerBase.[Tomcat].[localhost].[/] - [log,173] - Initializing Spring embedded WebApplicationContext
06:54:35.387 [restartedMain] INFO  com.alibaba.druid.pool.DruidDataSource - [init,930] - {dataSource-1,dataSource} inited
06:54:39.335 [restartedMain] INFO  com.shop.cereshop.admin.utils.TokenProvider - [afterPropertiesSet,61] - properties: {"base64Secret":"MIIBVQIBADANBgkqhkiG9w0BAQEFAASCAT8wggE7AgEAAkEAsp6wjJYTPQhjVI88UYxYGN8JZrK5IvZS5UPWP7Vi91uLM+Hvy/QrnQzDccOKdrMlGiaJAQ3csrkcn2sjGMNy/wIDAQABAkBPjHLuOYwZ21l5eE0RuGInuXUTYrcnBfLHHh4Vw29u33xEdM2kgN4AoQ51/XWqmW2U0uqxJ/bSK6zSb3NUPJZJAiEA5RYhAx8kCT2hEjz6lNYtKcmrLeRyWgXHZY8uOwDwxssCIQDHmsH3p1gdqIkTCa9TJKq2ktkNYduVQF0Am4c5wQsKHQIhAMtRQYlYuQ3ugacDMc6o67p7vw5jA058dIThd8FsS0XTAiAW5CyylkKIxDdUM5wj0OSzI4w4+KwSJduEolGT0gvOEQIhAOCKLx5xOvrVBWqwp+4AXhBI5pVgshBSXK73HADosUWP","codeKey":"code-key-","detect":1800000,"header":"Authorization-admin","ignorePaths":["/admin/**","/wx/**","/wxWork/**","/doc.html","/doc.html#/**","/webjars/**","/swagger-resources/**","/file/upload","/code/**"],"multiLogin":true,"onlineKey":"online-token-","rememberLoginValidity":604800,"renew":3600000,"tokenStartWith":"Bearer ","tokenValidityInSeconds":86400,"userLoginKey":"admin_user_token_"}
06:54:39.745 [restartedMain] INFO  org.hibernate.jpa.internal.util.LogHelper - [logPersistenceUnitInformation,31] - HHH000204: Processing PersistenceUnitInfo [
	name: default
	...]
06:54:39.838 [restartedMain] INFO  org.hibernate.Version - [logVersion,46] - HHH000412: Hibernate Core {5.3.10.Final}
06:54:39.840 [restartedMain] INFO  org.hibernate.cfg.Environment - [<clinit>,213] - HHH000206: hibernate.properties not found
06:54:40.083 [restartedMain] INFO  org.hibernate.annotations.common.Version - [<clinit>,49] - HCANN000001: Hibernate Commons Annotations {5.0.4.Final}
06:54:40.483 [restartedMain] INFO  org.hibernate.dialect.Dialect - [<init>,157] - HHH000400: Using dialect: org.hibernate.dialect.MySQL5InnoDBDialect
06:54:41.895 [restartedMain] INFO  org.redisson.Version - [logVersion,41] - Redisson 3.22.0
06:54:42.718 [redisson-netty-2-4] INFO  org.redisson.connection.pool.MasterPubSubConnectionPool - [lambda$createConnection$0,140] - 1 connections initialized for 127.0.0.1/127.0.0.1:6379
06:54:42.771 [redisson-netty-2-19] INFO  org.redisson.connection.pool.MasterConnectionPool - [lambda$createConnection$0,140] - 24 connections initialized for 127.0.0.1/127.0.0.1:6379
06:54:44.258 [restartedMain] INFO  springfox.documentation.spring.web.PropertySourcedRequestMappingHandlerMapping - [initHandlerMethods,69] - Mapped URL path [/v2/api-docs] onto method [public org.springframework.http.ResponseEntity<springfox.documentation.spring.web.json.Json> springfox.documentation.swagger2.web.Swagger2Controller.getDocumentation(java.lang.String,javax.servlet.http.HttpServletRequest)]
06:54:44.294 [restartedMain] INFO  com.shop.cereshop.admin.redis.config.RedisConfiguration - [cacheManager,94] - 初始化 -> [CacheManager RedisCacheManager Start]
06:54:44.307 [restartedMain] INFO  com.shop.cereshop.admin.redis.config.RedisConfiguration - [errorHandler,125] - 初始化 -> [Redis CacheErrorHandler]
06:54:44.308 [restartedMain] INFO  com.shop.cereshop.admin.redis.config.RedisConfiguration - [redisPoolFactory,164] - JedisPool init successful，host -> [127.0.0.1]；port -> [6379]
06:54:46.628 [restartedMain] INFO  springfox.documentation.spring.web.plugins.DocumentationPluginsBootstrapper - [start,160] - Context refreshed
06:54:46.650 [restartedMain] INFO  springfox.documentation.spring.web.plugins.DocumentationPluginsBootstrapper - [start,163] - Found 1 custom documentation plugin(s)
06:54:46.696 [restartedMain] INFO  springfox.documentation.spring.web.scanners.ApiListingReferenceScanner - [scan,41] - Scanning for api listing references
06:54:47.080 [restartedMain] INFO  springfox.documentation.spring.web.readers.operation.CachingOperationNameGenerator - [startingWith,40] - Generating unique operation named: deleteUsingPOST_1
06:54:47.091 [restartedMain] INFO  springfox.documentation.spring.web.readers.operation.CachingOperationNameGenerator - [startingWith,40] - Generating unique operation named: getAllUsingPOST_1
06:54:47.093 [restartedMain] INFO  springfox.documentation.spring.web.readers.operation.CachingOperationNameGenerator - [startingWith,40] - Generating unique operation named: saveUsingPOST_1
06:54:47.103 [restartedMain] INFO  springfox.documentation.spring.web.readers.operation.CachingOperationNameGenerator - [startingWith,40] - Generating unique operation named: updateUsingPOST_1
06:54:47.121 [restartedMain] INFO  springfox.documentation.spring.web.readers.operation.CachingOperationNameGenerator - [startingWith,40] - Generating unique operation named: getAllUsingPOST_2
06:54:47.146 [restartedMain] INFO  springfox.documentation.spring.web.readers.operation.CachingOperationNameGenerator - [startingWith,40] - Generating unique operation named: getByIdUsingPOST_1
06:54:47.163 [restartedMain] INFO  springfox.documentation.spring.web.readers.operation.CachingOperationNameGenerator - [startingWith,40] - Generating unique operation named: deleteUsingPOST_2
06:54:47.170 [restartedMain] INFO  springfox.documentation.spring.web.readers.operation.CachingOperationNameGenerator - [startingWith,40] - Generating unique operation named: getAllUsingPOST_3
06:54:47.175 [restartedMain] INFO  springfox.documentation.spring.web.readers.operation.CachingOperationNameGenerator - [startingWith,40] - Generating unique operation named: getByIdUsingPOST_2
06:54:47.177 [restartedMain] INFO  springfox.documentation.spring.web.readers.operation.CachingOperationNameGenerator - [startingWith,40] - Generating unique operation named: saveUsingPOST_2
06:54:47.182 [restartedMain] INFO  springfox.documentation.spring.web.readers.operation.CachingOperationNameGenerator - [startingWith,40] - Generating unique operation named: updateUsingPOST_2
06:54:47.187 [restartedMain] INFO  springfox.documentation.spring.web.readers.operation.CachingOperationNameGenerator - [startingWith,40] - Generating unique operation named: deleteUsingPOST_3
06:54:47.196 [restartedMain] INFO  springfox.documentation.spring.web.readers.operation.CachingOperationNameGenerator - [startingWith,40] - Generating unique operation named: getAllUsingPOST_4
06:54:47.203 [restartedMain] INFO  springfox.documentation.spring.web.readers.operation.CachingOperationNameGenerator - [startingWith,40] - Generating unique operation named: getByIdUsingPOST_3
06:54:47.233 [restartedMain] INFO  springfox.documentation.spring.web.readers.operation.CachingOperationNameGenerator - [startingWith,40] - Generating unique operation named: updateUsingPOST_3
06:54:47.244 [restartedMain] INFO  springfox.documentation.spring.web.readers.operation.CachingOperationNameGenerator - [startingWith,40] - Generating unique operation named: exportUsingPOST_1
06:54:47.255 [restartedMain] INFO  springfox.documentation.spring.web.readers.operation.CachingOperationNameGenerator - [startingWith,40] - Generating unique operation named: getAllUsingPOST_5
06:54:47.271 [restartedMain] INFO  springfox.documentation.spring.web.readers.operation.CachingOperationNameGenerator - [startingWith,40] - Generating unique operation named: getByIdUsingPOST_4
06:54:47.310 [restartedMain] INFO  springfox.documentation.spring.web.readers.operation.CachingOperationNameGenerator - [startingWith,40] - Generating unique operation named: getAllUsingPOST_6
06:54:47.316 [restartedMain] INFO  springfox.documentation.spring.web.readers.operation.CachingOperationNameGenerator - [startingWith,40] - Generating unique operation named: getByIdUsingPOST_5
06:54:47.318 [restartedMain] INFO  springfox.documentation.spring.web.readers.operation.CachingOperationNameGenerator - [startingWith,40] - Generating unique operation named: handleUsingPOST_1
06:54:47.330 [restartedMain] INFO  springfox.documentation.spring.web.readers.operation.CachingOperationNameGenerator - [startingWith,40] - Generating unique operation named: examineUsingPOST_1
06:54:47.339 [restartedMain] INFO  springfox.documentation.spring.web.readers.operation.CachingOperationNameGenerator - [startingWith,40] - Generating unique operation named: getAllUsingPOST_7
06:54:47.352 [restartedMain] INFO  springfox.documentation.spring.web.readers.operation.CachingOperationNameGenerator - [startingWith,40] - Generating unique operation named: getByIdUsingPOST_6
06:54:47.468 [restartedMain] INFO  springfox.documentation.spring.web.readers.operation.CachingOperationNameGenerator - [startingWith,40] - Generating unique operation named: deleteUsingPOST_4
06:54:47.473 [restartedMain] INFO  springfox.documentation.spring.web.readers.operation.CachingOperationNameGenerator - [startingWith,40] - Generating unique operation named: getAllUsingPOST_8
06:54:47.475 [restartedMain] INFO  springfox.documentation.spring.web.readers.operation.CachingOperationNameGenerator - [startingWith,40] - Generating unique operation named: saveUsingPOST_3
06:54:47.477 [restartedMain] INFO  springfox.documentation.spring.web.readers.operation.CachingOperationNameGenerator - [startingWith,40] - Generating unique operation named: updateUsingPOST_4
06:54:47.480 [restartedMain] INFO  springfox.documentation.spring.web.readers.operation.CachingOperationNameGenerator - [startingWith,40] - Generating unique operation named: deleteUsingPOST_5
06:54:47.486 [restartedMain] INFO  springfox.documentation.spring.web.readers.operation.CachingOperationNameGenerator - [startingWith,40] - Generating unique operation named: getAllUsingPOST_9
06:54:47.492 [restartedMain] INFO  springfox.documentation.spring.web.readers.operation.CachingOperationNameGenerator - [startingWith,40] - Generating unique operation named: getByIdUsingPOST_7
06:54:47.498 [restartedMain] INFO  springfox.documentation.spring.web.readers.operation.CachingOperationNameGenerator - [startingWith,40] - Generating unique operation named: saveUsingPOST_4
06:54:47.500 [restartedMain] INFO  springfox.documentation.spring.web.readers.operation.CachingOperationNameGenerator - [startingWith,40] - Generating unique operation named: updateUsingPOST_5
06:54:47.505 [restartedMain] INFO  springfox.documentation.spring.web.readers.operation.CachingOperationNameGenerator - [startingWith,40] - Generating unique operation named: deleteUsingPOST_6
06:54:47.512 [restartedMain] INFO  springfox.documentation.spring.web.readers.operation.CachingOperationNameGenerator - [startingWith,40] - Generating unique operation named: getAllUsingPOST_10
06:54:47.518 [restartedMain] INFO  springfox.documentation.spring.web.readers.operation.CachingOperationNameGenerator - [startingWith,40] - Generating unique operation named: getByIdUsingPOST_8
06:54:47.520 [restartedMain] INFO  springfox.documentation.spring.web.readers.operation.CachingOperationNameGenerator - [startingWith,40] - Generating unique operation named: updateUsingPOST_6
06:54:47.528 [restartedMain] INFO  springfox.documentation.spring.web.readers.operation.CachingOperationNameGenerator - [startingWith,40] - Generating unique operation named: getAllUsingPOST_11
06:54:47.531 [restartedMain] INFO  springfox.documentation.spring.web.readers.operation.CachingOperationNameGenerator - [startingWith,40] - Generating unique operation named: deleteUsingPOST_7
06:54:47.535 [restartedMain] INFO  springfox.documentation.spring.web.readers.operation.CachingOperationNameGenerator - [startingWith,40] - Generating unique operation named: getAllUsingPOST_12
06:54:47.537 [restartedMain] INFO  springfox.documentation.spring.web.readers.operation.CachingOperationNameGenerator - [startingWith,40] - Generating unique operation named: saveUsingPOST_5
06:54:47.538 [restartedMain] INFO  springfox.documentation.spring.web.readers.operation.CachingOperationNameGenerator - [startingWith,40] - Generating unique operation named: updateUsingPOST_7
06:54:47.542 [restartedMain] INFO  springfox.documentation.spring.web.readers.operation.CachingOperationNameGenerator - [startingWith,40] - Generating unique operation named: deleteUsingPOST_8
06:54:47.545 [restartedMain] INFO  springfox.documentation.spring.web.readers.operation.CachingOperationNameGenerator - [startingWith,40] - Generating unique operation named: getAllUsingPOST_13
06:54:47.549 [restartedMain] INFO  springfox.documentation.spring.web.readers.operation.CachingOperationNameGenerator - [startingWith,40] - Generating unique operation named: getByIdUsingPOST_9
06:54:47.557 [restartedMain] INFO  springfox.documentation.spring.web.readers.operation.CachingOperationNameGenerator - [startingWith,40] - Generating unique operation named: saveUsingPOST_6
06:54:47.560 [restartedMain] INFO  springfox.documentation.spring.web.readers.operation.CachingOperationNameGenerator - [startingWith,40] - Generating unique operation named: updateUsingPOST_8
06:54:47.564 [restartedMain] INFO  springfox.documentation.spring.web.readers.operation.CachingOperationNameGenerator - [startingWith,40] - Generating unique operation named: deleteUsingPOST_9
06:54:47.565 [restartedMain] INFO  springfox.documentation.spring.web.readers.operation.CachingOperationNameGenerator - [startingWith,40] - Generating unique operation named: excelShopUsingPOST_1
06:54:47.572 [restartedMain] INFO  springfox.documentation.spring.web.readers.operation.CachingOperationNameGenerator - [startingWith,40] - Generating unique operation named: getAllUsingPOST_14
06:54:47.577 [restartedMain] INFO  springfox.documentation.spring.web.readers.operation.CachingOperationNameGenerator - [startingWith,40] - Generating unique operation named: getByIdUsingPOST_10
06:54:47.590 [restartedMain] INFO  springfox.documentation.spring.web.readers.operation.CachingOperationNameGenerator - [startingWith,40] - Generating unique operation named: getProductsUsingPOST_1
06:54:47.598 [restartedMain] INFO  springfox.documentation.spring.web.readers.operation.CachingOperationNameGenerator - [startingWith,40] - Generating unique operation named: getShopsUsingPOST_1
06:54:47.605 [restartedMain] INFO  springfox.documentation.spring.web.readers.operation.CachingOperationNameGenerator - [startingWith,40] - Generating unique operation named: insertUsingPOST_1
06:54:47.611 [restartedMain] INFO  springfox.documentation.spring.web.readers.operation.CachingOperationNameGenerator - [startingWith,40] - Generating unique operation named: updateUsingPOST_9
06:54:47.614 [restartedMain] INFO  springfox.documentation.spring.web.readers.operation.CachingOperationNameGenerator - [startingWith,40] - Generating unique operation named: updateUsingPOST_10
06:54:47.657 [restartedMain] INFO  springfox.documentation.spring.web.readers.operation.CachingOperationNameGenerator - [startingWith,40] - Generating unique operation named: getAllUsingPOST_15
06:54:47.658 [restartedMain] INFO  springfox.documentation.spring.web.readers.operation.CachingOperationNameGenerator - [startingWith,40] - Generating unique operation named: getByIdUsingPOST_11
06:54:47.666 [restartedMain] INFO  springfox.documentation.spring.web.readers.operation.CachingOperationNameGenerator - [startingWith,40] - Generating unique operation named: auditUsingPOST_1
06:54:47.673 [restartedMain] INFO  springfox.documentation.spring.web.readers.operation.CachingOperationNameGenerator - [startingWith,40] - Generating unique operation named: getAllUsingPOST_16
06:54:47.674 [restartedMain] INFO  springfox.documentation.spring.web.readers.operation.CachingOperationNameGenerator - [startingWith,40] - Generating unique operation named: getByIdUsingPOST_12
06:54:47.678 [restartedMain] INFO  springfox.documentation.spring.web.readers.operation.CachingOperationNameGenerator - [startingWith,40] - Generating unique operation named: deleteUsingPOST_10
06:54:47.682 [restartedMain] INFO  springfox.documentation.spring.web.readers.operation.CachingOperationNameGenerator - [startingWith,40] - Generating unique operation named: getAllUsingPOST_17
06:54:47.684 [restartedMain] INFO  springfox.documentation.spring.web.readers.operation.CachingOperationNameGenerator - [startingWith,40] - Generating unique operation named: getByIdUsingPOST_13
06:54:47.687 [restartedMain] INFO  springfox.documentation.spring.web.readers.operation.CachingOperationNameGenerator - [startingWith,40] - Generating unique operation named: saveUsingPOST_7
06:54:47.689 [restartedMain] INFO  springfox.documentation.spring.web.readers.operation.CachingOperationNameGenerator - [startingWith,40] - Generating unique operation named: updateUsingPOST_11
06:54:47.692 [restartedMain] INFO  springfox.documentation.spring.web.readers.operation.CachingOperationNameGenerator - [startingWith,40] - Generating unique operation named: deleteUsingPOST_11
06:54:47.695 [restartedMain] INFO  springfox.documentation.spring.web.readers.operation.CachingOperationNameGenerator - [startingWith,40] - Generating unique operation named: getAllUsingPOST_18
06:54:47.697 [restartedMain] INFO  springfox.documentation.spring.web.readers.operation.CachingOperationNameGenerator - [startingWith,40] - Generating unique operation named: getByIdUsingPOST_14
06:54:47.700 [restartedMain] INFO  springfox.documentation.spring.web.readers.operation.CachingOperationNameGenerator - [startingWith,40] - Generating unique operation named: saveUsingPOST_8
06:54:47.702 [restartedMain] INFO  springfox.documentation.spring.web.readers.operation.CachingOperationNameGenerator - [startingWith,40] - Generating unique operation named: updateUsingPOST_12
06:54:47.704 [restartedMain] INFO  springfox.documentation.spring.web.readers.operation.CachingOperationNameGenerator - [startingWith,40] - Generating unique operation named: deleteUsingPOST_12
06:54:47.710 [restartedMain] INFO  springfox.documentation.spring.web.readers.operation.CachingOperationNameGenerator - [startingWith,40] - Generating unique operation named: getAllUsingPOST_19
06:54:47.714 [restartedMain] INFO  springfox.documentation.spring.web.readers.operation.CachingOperationNameGenerator - [startingWith,40] - Generating unique operation named: getByIdUsingPOST_15
06:54:47.717 [restartedMain] INFO  springfox.documentation.spring.web.readers.operation.CachingOperationNameGenerator - [startingWith,40] - Generating unique operation named: saveUsingPOST_9
06:54:47.720 [restartedMain] INFO  springfox.documentation.spring.web.readers.operation.CachingOperationNameGenerator - [startingWith,40] - Generating unique operation named: updateUsingPOST_13
06:54:47.723 [restartedMain] INFO  springfox.documentation.spring.web.readers.operation.CachingOperationNameGenerator - [startingWith,40] - Generating unique operation named: deleteUsingPOST_13
06:54:47.728 [restartedMain] INFO  springfox.documentation.spring.web.readers.operation.CachingOperationNameGenerator - [startingWith,40] - Generating unique operation named: getAllUsingPOST_20
06:54:47.731 [restartedMain] INFO  springfox.documentation.spring.web.readers.operation.CachingOperationNameGenerator - [startingWith,40] - Generating unique operation named: getByIdUsingPOST_16
06:54:47.732 [restartedMain] INFO  springfox.documentation.spring.web.readers.operation.CachingOperationNameGenerator - [startingWith,40] - Generating unique operation named: saveUsingPOST_10
06:54:47.736 [restartedMain] INFO  springfox.documentation.spring.web.readers.operation.CachingOperationNameGenerator - [startingWith,40] - Generating unique operation named: exportUsingPOST_2
06:54:47.744 [restartedMain] INFO  springfox.documentation.spring.web.readers.operation.CachingOperationNameGenerator - [startingWith,40] - Generating unique operation named: getAllUsingPOST_21
06:54:47.747 [restartedMain] INFO  springfox.documentation.spring.web.readers.operation.CachingOperationNameGenerator - [startingWith,40] - Generating unique operation named: getByIdUsingPOST_17
06:54:47.749 [restartedMain] INFO  springfox.documentation.spring.web.readers.operation.CachingOperationNameGenerator - [startingWith,40] - Generating unique operation named: deleteUsingPOST_14
06:54:47.751 [restartedMain] INFO  springfox.documentation.spring.web.readers.operation.CachingOperationNameGenerator - [startingWith,40] - Generating unique operation named: getAllUsingPOST_22
06:54:47.752 [restartedMain] INFO  springfox.documentation.spring.web.readers.operation.CachingOperationNameGenerator - [startingWith,40] - Generating unique operation named: getByIdUsingPOST_18
06:54:47.753 [restartedMain] INFO  springfox.documentation.spring.web.readers.operation.CachingOperationNameGenerator - [startingWith,40] - Generating unique operation named: getMaxSortUsingPOST_1
06:54:47.754 [restartedMain] INFO  springfox.documentation.spring.web.readers.operation.CachingOperationNameGenerator - [startingWith,40] - Generating unique operation named: insertUsingPOST_2
06:54:47.755 [restartedMain] INFO  springfox.documentation.spring.web.readers.operation.CachingOperationNameGenerator - [startingWith,40] - Generating unique operation named: updateUsingPOST_14
06:54:47.758 [restartedMain] INFO  springfox.documentation.spring.web.readers.operation.CachingOperationNameGenerator - [startingWith,40] - Generating unique operation named: deleteUsingPOST_15
06:54:47.766 [restartedMain] INFO  springfox.documentation.spring.web.readers.operation.CachingOperationNameGenerator - [startingWith,40] - Generating unique operation named: getAllUsingPOST_23
06:54:47.769 [restartedMain] INFO  springfox.documentation.spring.web.readers.operation.CachingOperationNameGenerator - [startingWith,40] - Generating unique operation named: getByIdUsingPOST_19
06:54:47.774 [restartedMain] INFO  springfox.documentation.spring.web.readers.operation.CachingOperationNameGenerator - [startingWith,40] - Generating unique operation named: saveUsingPOST_11
06:54:47.778 [restartedMain] INFO  springfox.documentation.spring.web.readers.operation.CachingOperationNameGenerator - [startingWith,40] - Generating unique operation named: updateUsingPOST_15
06:54:47.782 [restartedMain] INFO  springfox.documentation.spring.web.readers.operation.CachingOperationNameGenerator - [startingWith,40] - Generating unique operation named: deleteUsingPOST_16
06:54:47.787 [restartedMain] INFO  springfox.documentation.spring.web.readers.operation.CachingOperationNameGenerator - [startingWith,40] - Generating unique operation named: getAllUsingPOST_24
06:54:47.791 [restartedMain] INFO  springfox.documentation.spring.web.readers.operation.CachingOperationNameGenerator - [startingWith,40] - Generating unique operation named: getByIdUsingPOST_20
06:54:47.794 [restartedMain] INFO  springfox.documentation.spring.web.readers.operation.CachingOperationNameGenerator - [startingWith,40] - Generating unique operation named: insertUsingPOST_3
06:54:47.796 [restartedMain] INFO  springfox.documentation.spring.web.readers.operation.CachingOperationNameGenerator - [startingWith,40] - Generating unique operation named: updateUsingPOST_16
06:54:47.802 [restartedMain] INFO  springfox.documentation.spring.web.readers.operation.CachingOperationNameGenerator - [startingWith,40] - Generating unique operation named: deleteUsingPOST_17
06:54:47.806 [restartedMain] INFO  springfox.documentation.spring.web.readers.operation.CachingOperationNameGenerator - [startingWith,40] - Generating unique operation named: getAllUsingPOST_25
06:54:47.813 [restartedMain] INFO  springfox.documentation.spring.web.readers.operation.CachingOperationNameGenerator - [startingWith,40] - Generating unique operation named: getByIdUsingPOST_21
06:54:47.817 [restartedMain] INFO  springfox.documentation.spring.web.readers.operation.CachingOperationNameGenerator - [startingWith,40] - Generating unique operation named: getDataUsingPOST_1
06:54:47.820 [restartedMain] INFO  springfox.documentation.spring.web.readers.operation.CachingOperationNameGenerator - [startingWith,40] - Generating unique operation named: insertUsingPOST_4
06:54:47.821 [restartedMain] INFO  springfox.documentation.spring.web.readers.operation.CachingOperationNameGenerator - [startingWith,40] - Generating unique operation named: stopUsingPOST_1
06:54:47.824 [restartedMain] INFO  springfox.documentation.spring.web.readers.operation.CachingOperationNameGenerator - [startingWith,40] - Generating unique operation named: updateUsingPOST_17
06:54:47.879 [restartedMain] INFO  springfox.documentation.spring.web.readers.operation.CachingOperationNameGenerator - [startingWith,40] - Generating unique operation named: deleteUsingPOST_18
06:54:47.887 [restartedMain] INFO  springfox.documentation.spring.web.readers.operation.CachingOperationNameGenerator - [startingWith,40] - Generating unique operation named: getAllUsingPOST_26
06:54:47.890 [restartedMain] INFO  springfox.documentation.spring.web.readers.operation.CachingOperationNameGenerator - [startingWith,40] - Generating unique operation named: getByIdUsingPOST_22
06:54:47.896 [restartedMain] INFO  springfox.documentation.spring.web.readers.operation.CachingOperationNameGenerator - [startingWith,40] - Generating unique operation named: insertUsingPOST_5
06:54:47.898 [restartedMain] INFO  springfox.documentation.spring.web.readers.operation.CachingOperationNameGenerator - [startingWith,40] - Generating unique operation named: updateUsingPOST_18
06:54:47.901 [restartedMain] INFO  springfox.documentation.spring.web.readers.operation.CachingOperationNameGenerator - [startingWith,40] - Generating unique operation named: deleteUsingPOST_19
06:54:47.902 [restartedMain] INFO  springfox.documentation.spring.web.readers.operation.CachingOperationNameGenerator - [startingWith,40] - Generating unique operation named: excelShopUsingPOST_2
06:54:47.907 [restartedMain] INFO  springfox.documentation.spring.web.readers.operation.CachingOperationNameGenerator - [startingWith,40] - Generating unique operation named: getAllUsingPOST_27
06:54:47.912 [restartedMain] INFO  springfox.documentation.spring.web.readers.operation.CachingOperationNameGenerator - [startingWith,40] - Generating unique operation named: getByIdUsingPOST_23
06:54:47.916 [restartedMain] INFO  springfox.documentation.spring.web.readers.operation.CachingOperationNameGenerator - [startingWith,40] - Generating unique operation named: getDataUsingPOST_2
06:54:47.921 [restartedMain] INFO  springfox.documentation.spring.web.readers.operation.CachingOperationNameGenerator - [startingWith,40] - Generating unique operation named: getProductsUsingPOST_2
06:54:47.926 [restartedMain] INFO  springfox.documentation.spring.web.readers.operation.CachingOperationNameGenerator - [startingWith,40] - Generating unique operation named: getShopsUsingPOST_2
06:54:47.929 [restartedMain] INFO  springfox.documentation.spring.web.readers.operation.CachingOperationNameGenerator - [startingWith,40] - Generating unique operation named: insertUsingPOST_6
06:54:47.931 [restartedMain] INFO  springfox.documentation.spring.web.readers.operation.CachingOperationNameGenerator - [startingWith,40] - Generating unique operation named: stopUsingPOST_2
06:54:47.934 [restartedMain] INFO  springfox.documentation.spring.web.readers.operation.CachingOperationNameGenerator - [startingWith,40] - Generating unique operation named: updateUsingPOST_19
06:54:47.940 [restartedMain] INFO  springfox.documentation.spring.web.readers.operation.CachingOperationNameGenerator - [startingWith,40] - Generating unique operation named: saveUsingPOST_12
06:54:47.942 [restartedMain] INFO  springfox.documentation.spring.web.readers.operation.CachingOperationNameGenerator - [startingWith,40] - Generating unique operation named: updateUsingPOST_20
06:54:47.945 [restartedMain] INFO  springfox.documentation.spring.web.readers.operation.CachingOperationNameGenerator - [startingWith,40] - Generating unique operation named: deleteUsingPOST_20
06:54:47.952 [restartedMain] INFO  springfox.documentation.spring.web.readers.operation.CachingOperationNameGenerator - [startingWith,40] - Generating unique operation named: getAllUsingPOST_28
06:54:47.955 [restartedMain] INFO  springfox.documentation.spring.web.readers.operation.CachingOperationNameGenerator - [startingWith,40] - Generating unique operation named: getByIdUsingPOST_24
06:54:47.957 [restartedMain] INFO  springfox.documentation.spring.web.readers.operation.CachingOperationNameGenerator - [startingWith,40] - Generating unique operation named: handleUsingPOST_2
06:54:47.966 [restartedMain] INFO  springfox.documentation.spring.web.readers.operation.CachingOperationNameGenerator - [startingWith,40] - Generating unique operation named: getAllUsingPOST_29
06:54:47.968 [restartedMain] INFO  springfox.documentation.spring.web.readers.operation.CachingOperationNameGenerator - [startingWith,40] - Generating unique operation named: getByIdUsingPOST_25
06:54:47.971 [restartedMain] INFO  springfox.documentation.spring.web.readers.operation.CachingOperationNameGenerator - [startingWith,40] - Generating unique operation named: saveUsingPOST_13
06:54:47.976 [restartedMain] INFO  springfox.documentation.spring.web.readers.operation.CachingOperationNameGenerator - [startingWith,40] - Generating unique operation named: updateUsingPOST_21
06:54:47.984 [restartedMain] INFO  springfox.documentation.spring.web.readers.operation.CachingOperationNameGenerator - [startingWith,40] - Generating unique operation named: getAllUsingPOST_30
06:54:47.986 [restartedMain] INFO  springfox.documentation.spring.web.readers.operation.CachingOperationNameGenerator - [startingWith,40] - Generating unique operation named: getByIdUsingPOST_26
06:54:47.988 [restartedMain] INFO  springfox.documentation.spring.web.readers.operation.CachingOperationNameGenerator - [startingWith,40] - Generating unique operation named: handleUsingPOST_3
06:54:47.990 [restartedMain] INFO  springfox.documentation.spring.web.readers.operation.CachingOperationNameGenerator - [startingWith,40] - Generating unique operation named: deleteUsingPOST_21
06:54:47.994 [restartedMain] INFO  springfox.documentation.spring.web.readers.operation.CachingOperationNameGenerator - [startingWith,40] - Generating unique operation named: getAllUsingPOST_31
06:54:47.995 [restartedMain] INFO  springfox.documentation.spring.web.readers.operation.CachingOperationNameGenerator - [startingWith,40] - Generating unique operation named: getByIdUsingPOST_27
06:54:47.996 [restartedMain] INFO  springfox.documentation.spring.web.readers.operation.CachingOperationNameGenerator - [startingWith,40] - Generating unique operation named: saveUsingPOST_14
06:54:47.996 [restartedMain] INFO  springfox.documentation.spring.web.readers.operation.CachingOperationNameGenerator - [startingWith,40] - Generating unique operation named: startUsingPOST_1
06:54:47.997 [restartedMain] INFO  springfox.documentation.spring.web.readers.operation.CachingOperationNameGenerator - [startingWith,40] - Generating unique operation named: updateUsingPOST_22
06:54:48.039 [restartedMain] INFO  org.apache.coyote.http11.Http11NioProtocol - [log,173] - Starting ProtocolHandler ["http-nio-0.0.0.0-9003"]
06:54:48.065 [restartedMain] INFO  com.shop.cereshop.admin.CereshopAdminApplication - [logStarted,59] - Started CereshopAdminApplication in 20.472 seconds (JVM running for 21.645)
